c:\workspace\rtx-project\openvideocall-windows\language\english\release\english.pch
c:\workspace\rtx-project\openvideocall-windows\language\english\release\vc141.pdb
c:\workspace\rtx-project\openvideocall-windows\language\english\release\stdafx.obj
c:\workspace\rtx-project\openvideocall-windows\language\english\release\dllmain.obj
c:\workspace\rtx-project\openvideocall-windows\language\english\release\english.obj
c:\workspace\rtx-project\openvideocall-windows\release\x64\language\english.lib
c:\workspace\rtx-project\openvideocall-windows\release\x64\language\english.exp
c:\workspace\rtx-project\openvideocall-windows\release\x64\language\english.ipdb
c:\workspace\rtx-project\openvideocall-windows\release\x64\language\english.iobj
c:\workspace\rtx-project\openvideocall-windows\release\win32\language\english.lib
c:\workspace\rtx-project\openvideocall-windows\release\win32\language\english.exp
c:\workspace\rtx-project\openvideocall-windows\release\win32\language\english.ipdb
c:\workspace\rtx-project\openvideocall-windows\release\win32\language\english.iobj
c:\workspace\rtx-project\openvideocall-windows\release\x64\language\english.dll
c:\workspace\rtx-project\openvideocall-windows\release\x64\language\english.pdb
c:\workspace\rtx-project\openvideocall-windows\language\english\release\english.tlog\cl.command.1.tlog
c:\workspace\rtx-project\openvideocall-windows\language\english\release\english.tlog\cl.read.1.tlog
c:\workspace\rtx-project\openvideocall-windows\language\english\release\english.tlog\cl.write.1.tlog
c:\workspace\rtx-project\openvideocall-windows\language\english\release\english.tlog\english.write.1u.tlog
c:\workspace\rtx-project\openvideocall-windows\language\english\release\english.tlog\link.command.1.tlog
c:\workspace\rtx-project\openvideocall-windows\language\english\release\english.tlog\link.read.1.tlog
c:\workspace\rtx-project\openvideocall-windows\language\english\release\english.tlog\link.write.1.tlog
