c:\workspace\rtx-project\openvideocall-windows\release\x64\language\chinesesimplified.lib
c:\workspace\rtx-project\openvideocall-windows\release\x64\language\chinesesimplified.exp
c:\workspace\rtx-project\openvideocall-windows\release\x64\language\chinesesimplified.ipdb
c:\workspace\rtx-project\openvideocall-windows\release\x64\language\chinesesimplified.iobj
c:\workspace\rtx-project\openvideocall-windows\release\win32\language\chinesesimplified.lib
c:\workspace\rtx-project\openvideocall-windows\release\win32\language\chinesesimplified.exp
c:\workspace\rtx-project\openvideocall-windows\release\win32\language\chinesesimplified.ipdb
c:\workspace\rtx-project\openvideocall-windows\release\win32\language\chinesesimplified.iobj
c:\workspace\rtx-project\openvideocall-windows\language\chinesesimplified\release\chinesesimplified.pch
c:\workspace\rtx-project\openvideocall-windows\language\chinesesimplified\release\vc141.pdb
c:\workspace\rtx-project\openvideocall-windows\language\chinesesimplified\release\stdafx.obj
c:\workspace\rtx-project\openvideocall-windows\language\chinesesimplified\release\chinesesimplified.obj
c:\workspace\rtx-project\openvideocall-windows\language\chinesesimplified\release\dllmain.obj
c:\workspace\rtx-project\openvideocall-windows\release\x64\language\chinesesimplified.dll
c:\workspace\rtx-project\openvideocall-windows\release\x64\language\chinesesimplified.pdb
c:\workspace\rtx-project\openvideocall-windows\language\chinesesimplified\release\chineses.898289d0.tlog\chinesesimplified.write.1u.tlog
c:\workspace\rtx-project\openvideocall-windows\language\chinesesimplified\release\chineses.898289d0.tlog\cl.command.1.tlog
c:\workspace\rtx-project\openvideocall-windows\language\chinesesimplified\release\chineses.898289d0.tlog\cl.read.1.tlog
c:\workspace\rtx-project\openvideocall-windows\language\chinesesimplified\release\chineses.898289d0.tlog\cl.write.1.tlog
c:\workspace\rtx-project\openvideocall-windows\language\chinesesimplified\release\chineses.898289d0.tlog\link.command.1.tlog
c:\workspace\rtx-project\openvideocall-windows\language\chinesesimplified\release\chineses.898289d0.tlog\link.read.1.tlog
c:\workspace\rtx-project\openvideocall-windows\language\chinesesimplified\release\chineses.898289d0.tlog\link.write.1.tlog
